<?xml version="1.0" encoding="UTF-8"?>
<!-- Generated by org.testng.reporters.JUnitReportReporter -->
<testsuite hostname="LAPTOP-OAE6CNGV" failures="0" tests="1" name="com.TestCases.TC_001" time="6.742" errors="0" timestamp="2023-09-17T10:00:51 IST" skipped="0">
  <testcase classname="com.TestCases.TC_001" name="Test" time="6.742"/>
</testsuite> <!-- com.TestCases.TC_001 -->
