<?xml version="1.0" encoding="UTF-8"?>
<!-- Generated by org.testng.reporters.JUnitReportReporter -->
<testsuite hostname="LAPTOP-OAE6CNGV" failures="0" tests="3" name="com.TestCases.TC_LogINTest_003" time="10.862" errors="0" timestamp="2023-09-17T15:30:09 IST" skipped="0">
  <testcase classname="com.TestCases.TC_LogINTest_003" name="test1" time="8.413"/>
  <testcase classname="com.TestCases.TC_LogINTest_003" name="test2" time="2.336"/>
  <testcase classname="com.TestCases.TC_LogINTest_003" name="test3" time="0.113"/>
</testsuite> <!-- com.TestCases.TC_LogINTest_003 -->
