<?xml version="1.0" encoding="UTF-8"?>
<!-- Generated by org.testng.reporters.JUnitReportReporter -->
<testsuite hostname="LAPTOP-OAE6CNGV" failures="0" tests="1" name="com.TestCases.TC_linkTest_001" time="5.271" errors="0" timestamp="2023-09-18T09:33:26 IST" skipped="0">
  <testcase classname="com.TestCases.TC_linkTest_001" name="linkTest" time="5.271"/>
</testsuite> <!-- com.TestCases.TC_linkTest_001 -->
